<?xml version="1.0" encoding="UTF-8"?>
<!-- Generated by org.testng.reporters.JUnitReportReporter -->
<testsuite hostname="南风、" name="day01.testBaidu" tests="1" failures="0" timestamp="20 Mar 2019 00:57:33 GMT" time="7.238" errors="0">
  <testcase name="openfirefox" time="7.238" classname="day01.testBaidu"/>
</testsuite> <!-- day01.testBaidu -->
