<?xml version="1.0" encoding="UTF-8"?>
<!-- Generated by org.testng.reporters.JUnitReportReporter -->
<testsuite hostname="南风、" name="day4.bank1" tests="5" failures="0" timestamp="29 Dec 2018 06:44:14 GMT" time="2.744" errors="0">
  <testcase name="Bck" time="0.758" classname="day4.bank1"/>
  <testcase name="Cdayin" time="0.511" classname="day4.bank1"/>
  <testcase name="Alogin" time="0.420" classname="day4.bank1"/>
  <testcase name="Cdayin" time="0.569" classname="day4.bank1"/>
  <testcase name="Alogin" time="0.486" classname="day4.bank1"/>
</testsuite> <!-- day4.bank1 -->
