<?xml version="1.0" encoding="UTF-8"?>
<!-- Generated by org.testng.reporters.JUnitReportReporter -->
<testsuite hostname="南风、" name="day01.testBaiduTest" tests="1" failures="0" timestamp="14 Mar 2019 01:08:11 GMT" time="0.009" errors="0">
  <testcase name="f" time="0.009" classname="day01.testBaiduTest"/>
</testsuite> <!-- day01.testBaiduTest -->
